<?xml version="1.0" encoding="UTF-8"?>
<!-- Generated by org.testng.reporters.JUnitXMLReporter -->
<testsuite ignored="0" hostname="CC-Girish" failures="0" tests="3" name="Test" time="0.045" errors="0" timestamp="2022-11-22T16:26:21 EST">
  <testcase classname="com.auto.tests.WebSiteTests" name="test1" time="0.005"/>
  <testcase classname="com.auto.tests.WebSiteTests" name="test2" time="0.002"/>
  <testcase classname="com.auto.tests.WebSiteTests" name="test3" time="0.001"/>
</testsuite> <!-- Test -->
