<?xml version="1.0" encoding="UTF-8"?>
<testng-results ignored="0" total="3" passed="3" failed="0" skipped="0">
  <reporter-output>
  </reporter-output>
  <suite started-at="2022-11-22T16:26:21 EST" name="Suite" finished-at="2022-11-22T16:26:21 EST" duration-ms="45">
    <groups>
    </groups>
    <test started-at="2022-11-22T16:26:21 EST" name="Test" finished-at="2022-11-22T16:26:21 EST" duration-ms="45">
      <class name="com.auto.tests.WebSiteTests">
        <test-method is-config="true" signature="initiate()[pri:0, instance:com.auto.tests.WebSiteTests@6a28ffa4]" started-at="2022-11-22T16:26:21 EST" name="initiate" finished-at="2022-11-22T16:26:21 EST" duration-ms="7" status="PASS">
          <reporter-output>
          </reporter-output>
        </test-method> <!-- initiate -->
        <test-method signature="test1()[pri:0, instance:com.auto.tests.WebSiteTests@6a28ffa4]" started-at="2022-11-22T16:26:21 EST" name="test1" finished-at="2022-11-22T16:26:21 EST" duration-ms="5" status="PASS">
          <reporter-output>
          </reporter-output>
        </test-method> <!-- test1 -->
        <test-method signature="test2()[pri:0, instance:com.auto.tests.WebSiteTests@6a28ffa4]" started-at="2022-11-22T16:26:21 EST" name="test2" finished-at="2022-11-22T16:26:21 EST" duration-ms="2" status="PASS">
          <reporter-output>
          </reporter-output>
        </test-method> <!-- test2 -->
        <test-method signature="test3()[pri:0, instance:com.auto.tests.WebSiteTests@6a28ffa4]" started-at="2022-11-22T16:26:21 EST" name="test3" finished-at="2022-11-22T16:26:21 EST" duration-ms="1" status="PASS">
          <reporter-output>
          </reporter-output>
        </test-method> <!-- test3 -->
        <test-method is-config="true" signature="tearDown()[pri:0, instance:com.auto.tests.WebSiteTests@6a28ffa4]" started-at="2022-11-22T16:26:21 EST" name="tearDown" finished-at="2022-11-22T16:26:21 EST" duration-ms="0" status="PASS">
          <reporter-output>
          </reporter-output>
        </test-method> <!-- tearDown -->
      </class> <!-- com.auto.tests.WebSiteTests -->
    </test> <!-- Test -->
  </suite> <!-- Suite -->
</testng-results>
